Using pre-set license
Built from '2022.3/staging' branch; Version is '2022.3.21f1 (bf09ca542b87) revision 12519882'; Using compiler version '192829333'; Build Type 'Release'
OS: 'Windows 11  (10.0.22631) 64bit Core' Language: 'en' Physical Memory: 32479 MB
BatchMode: 1, IsHumanControllingUs: 0, StartBugReporterOnCrash: 0, Is64bit: 1, IsPro: 1

COMMAND LINE ARGUMENTS:
C:\Program Files\Unity\Hub\Editor\2022.3.21f1\Editor\Unity.exe
-adb2
-batchMode
-noUpm
-name
AssetImportWorker3
-projectPath
C:/Users/pc_er/My project
-logFile
Logs/AssetImportWorker3.log
-srvPort
49964
Successfully changed project path to: C:/Users/pc_er/My project
C:/Users/pc_er/My project
[UnityMemory] Configuration Parameters - Can be set up in boot.config
    "memorysetup-bucket-allocator-granularity=16"
    "memorysetup-bucket-allocator-bucket-count=8"
    "memorysetup-bucket-allocator-block-size=33554432"
    "memorysetup-bucket-allocator-block-count=8"
    "memorysetup-main-allocator-block-size=16777216"
    "memorysetup-thread-allocator-block-size=16777216"
    "memorysetup-gfx-main-allocator-block-size=16777216"
    "memorysetup-gfx-thread-allocator-block-size=16777216"
    "memorysetup-cache-allocator-block-size=4194304"
    "memorysetup-typetree-allocator-block-size=2097152"
    "memorysetup-profiler-bucket-allocator-granularity=16"
    "memorysetup-profiler-bucket-allocator-bucket-count=8"
    "memorysetup-profiler-bucket-allocator-block-size=33554432"
    "memorysetup-profiler-bucket-allocator-block-count=8"
    "memorysetup-profiler-allocator-block-size=16777216"
    "memorysetup-profiler-editor-allocator-block-size=1048576"
    "memorysetup-temp-allocator-size-main=16777216"
    "memorysetup-job-temp-allocator-block-size=2097152"
    "memorysetup-job-temp-allocator-block-size-background=1048576"
    "memorysetup-job-temp-allocator-reduction-small-platforms=262144"
    "memorysetup-allocator-temp-initial-block-size-main=262144"
    "memorysetup-allocator-temp-initial-block-size-worker=262144"
    "memorysetup-temp-allocator-size-background-worker=32768"
    "memorysetup-temp-allocator-size-job-worker=262144"
    "memorysetup-temp-allocator-size-preload-manager=33554432"
    "memorysetup-temp-allocator-size-nav-mesh-worker=65536"
    "memorysetup-temp-allocator-size-audio-worker=65536"
    "memorysetup-temp-allocator-size-cloud-worker=32768"
    "memorysetup-temp-allocator-size-gi-baking-worker=262144"
    "memorysetup-temp-allocator-size-gfx=262144"
Player connection [31708] Host "[IP] 0.0.0.0 [Port] 0 [Flags] 2 [Guid] 151312594 [EditorId] 151312594 [Version] 1048832 [Id] WindowsEditor(7,Erasmus) [Debug] 1 [PackageName] WindowsEditor [ProjectName] Editor" joined multi-casting on [225.0.0.222:54997]...

Player connection [31708] Host "[IP] 0.0.0.0 [Port] 0 [Flags] 2 [Guid] 151312594 [EditorId] 151312594 [Version] 1048832 [Id] WindowsEditor(7,Erasmus) [Debug] 1 [PackageName] WindowsEditor [ProjectName] Editor" joined alternative multi-casting on [225.0.0.222:34997]...

[Physics::Module] Initialized MultithreadedJobDispatcher with 11 workers.
Refreshing native plugins compatible for Editor in 11.22 ms, found 3 plugins.
Preloading 0 native plugins for Editor in 0.00 ms.
Initialize engine version: 2022.3.21f1 (bf09ca542b87)
[Subsystems] Discovering subsystems at path C:/Program Files/Unity/Hub/Editor/2022.3.21f1/Editor/Data/Resources/UnitySubsystems
[Subsystems] Discovering subsystems at path C:/Users/pc_er/My project/Assets
GfxDevice: creating device client; threaded=0; jobified=0
Direct3D:
    Version:  Direct3D 11.0 [level 11.1]
    Renderer: NVIDIA GeForce RTX 2050 (ID=0x25a9)
    Vendor:   NVIDIA
    VRAM:     3979 MB
    Driver:   31.0.15.3713
Initialize mono
Mono path[0] = 'C:/Program Files/Unity/Hub/Editor/2022.3.21f1/Editor/Data/Managed'
Mono path[1] = 'C:/Program Files/Unity/Hub/Editor/2022.3.21f1/Editor/Data/MonoBleedingEdge/lib/mono/unityjit-win32'
Mono config path = 'C:/Program Files/Unity/Hub/Editor/2022.3.21f1/Editor/Data/MonoBleedingEdge/etc'
Using monoOptions --debugger-agent=transport=dt_socket,embedding=1,server=y,suspend=n,address=127.0.0.1:56636
Begin MonoManager ReloadAssembly
Registering precompiled unity dll's ...
Register platform support module: C:/Program Files/Unity/Hub/Editor/2022.3.21f1/Editor/Data/PlaybackEngines/WebGLSupport/UnityEditor.WebGL.Extensions.dll
Register platform support module: C:/Program Files/Unity/Hub/Editor/2022.3.21f1/Editor/Data/PlaybackEngines/WindowsStandaloneSupport/UnityEditor.WindowsStandalone.Extensions.dll
Registered in 0.010844 seconds.
- Loaded All Assemblies, in  0.375 seconds
Native extension for WindowsStandalone target not found
Native extension for WebGL target not found
Mono: successfully reloaded assembly
- Finished resetting the current domain, in  0.286 seconds
Domain Reload Profiling: 660ms
	BeginReloadAssembly (125ms)
		ExecutionOrderSort (0ms)
		DisableScriptedObjects (0ms)
		BackupInstance (0ms)
		ReleaseScriptingObjects (0ms)
		CreateAndSetChildDomain (1ms)
	RebuildCommonClasses (33ms)
	RebuildNativeTypeToScriptingClass (10ms)
	initialDomainReloadingComplete (69ms)
	LoadAllAssembliesAndSetupDomain (136ms)
		LoadAssemblies (123ms)
		RebuildTransferFunctionScriptingTraits (0ms)
		AnalyzeDomain (134ms)
			TypeCache.Refresh (132ms)
				TypeCache.ScanAssembly (119ms)
			ScanForSourceGeneratedMonoScriptInfo (0ms)
			ResolveRequiredComponents (1ms)
	FinalizeReload (287ms)
		ReleaseScriptCaches (0ms)
		RebuildScriptCaches (0ms)
		SetupLoadedEditorAssemblies (222ms)
			LogAssemblyErrors (0ms)
			InitializePlatformSupportModulesInManaged (11ms)
			SetLoadedEditorAssemblies (6ms)
			RefreshPlugins (0ms)
			BeforeProcessingInitializeOnLoad (2ms)
			ProcessInitializeOnLoadAttributes (156ms)
			ProcessInitializeOnLoadMethodAttributes (46ms)
			AfterProcessingInitializeOnLoad (0ms)
			EditorAssembliesLoaded (0ms)
		ExecutionOrderSort2 (0ms)
		AwakeInstancesAfterBackupRestoration (0ms)
========================================================================
Worker process is ready to serve import requests
Begin MonoManager ReloadAssembly
- Loaded All Assemblies, in  0.658 seconds
Refreshing native plugins compatible for Editor in 3.55 ms, found 3 plugins.
Native extension for WindowsStandalone target not found
Native extension for WebGL target not found
Package Manager log level set to [2]
[Package Manager] Server::EnsureServerProcessIsRunning -- launch failed, reason: Unity was launched with the -noUpm command-line argument
[Package Manager] UpmClient::Send -- Unable to send message (not connected to UPM process).
[Package Manager] Cannot connect to Unity Package Manager local server
Mono: successfully reloaded assembly
- Finished resetting the current domain, in  0.638 seconds
Domain Reload Profiling: 1293ms
	BeginReloadAssembly (150ms)
		ExecutionOrderSort (0ms)
		DisableScriptedObjects (5ms)
		BackupInstance (0ms)
		ReleaseScriptingObjects (0ms)
		CreateAndSetChildDomain (20ms)
	RebuildCommonClasses (34ms)
	RebuildNativeTypeToScriptingClass (10ms)
	initialDomainReloadingComplete (45ms)
	LoadAllAssembliesAndSetupDomain (416ms)
		LoadAssemblies (318ms)
		RebuildTransferFunctionScriptingTraits (0ms)
		AnalyzeDomain (187ms)
			TypeCache.Refresh (163ms)
				TypeCache.ScanAssembly (148ms)
			ScanForSourceGeneratedMonoScriptInfo (17ms)
			ResolveRequiredComponents (5ms)
	FinalizeReload (638ms)
		ReleaseScriptCaches (0ms)
		RebuildScriptCaches (0ms)
		SetupLoadedEditorAssemblies (485ms)
			LogAssemblyErrors (0ms)
			InitializePlatformSupportModulesInManaged (7ms)
			SetLoadedEditorAssemblies (3ms)
			RefreshPlugins (0ms)
			BeforeProcessingInitializeOnLoad (68ms)
			ProcessInitializeOnLoadAttributes (378ms)
			ProcessInitializeOnLoadMethodAttributes (21ms)
			AfterProcessingInitializeOnLoad (8ms)
			EditorAssembliesLoaded (0ms)
		ExecutionOrderSort2 (0ms)
		AwakeInstancesAfterBackupRestoration (7ms)
Launched and connected shader compiler UnityShaderCompiler.exe after 0.05 seconds
Refreshing native plugins compatible for Editor in 3.47 ms, found 3 plugins.
Preloading 0 native plugins for Editor in 0.00 ms.
Unloading 3592 Unused Serialized files (Serialized files now loaded: 0)
Unloading 41 unused Assets / (377.7 KB). Loaded Objects now: 4080.
Memory consumption went from 157.1 MB to 156.8 MB.
Total: 3.136100 ms (FindLiveObjects: 0.222100 ms CreateObjectMapping: 0.093500 ms MarkObjects: 2.600200 ms  DeleteObjects: 0.219000 ms)

AssetImportParameters requested are different than current active one (requested -> active):
  custom:container-demuxer-ogg: 62fdf1f143b41e24485cea50d1cbac27 -> 
  custom:video-codec-MediaFoundation-h265: 746d11721c4dcdbdad8f713fa42b33f4 -> 
  custom:video-decoder-ogg-theora: a1e56fd34408186e4bbccfd4996cb3dc -> 
  custom:framework-win-MediaFoundation: 216162199b28c13a410421893ffa2e32 -> 
  custom:CustomObjectIndexerAttribute: 9a22284fe3817be447336de3de66b15e -> 
  custom:container-demuxer-webm: 4f35f7cbe854078d1ac9338744f61a02 -> 
  custom:container-muxer-webm: aa71ff27fc2769a1b78a27578f13a17b -> 
  custom:video-decoder-webm-vp8: 9c59270c3fd7afecdb556c50c9e8de78 -> 
  custom:SearchIndexIgnoredProperties: e643bd26f0fe6173181afceb89e7c659 -> 
  custom:AudioImporter_EditorPlatform: d09bf68614088b80899f8185d706f6e7 -> 
  custom:video-encoder-webm-vp8: eb34c28f22e8b96e1ab97ce403110664 -> 
  custom:audio-decoder-ogg-vorbis: bf7c407c2cedff20999df2af8eb42d56 -> 
  custom:audio-encoder-webm-vorbis: bf7c407c2cedff20999df2af8eb42d56 -> 
========================================================================
Received Import Request.
  Time since last request: 651505.607096 seconds.
  path: Assets/Standard Assets/Vehicles/Car/Prefabs/Car.prefab
  artifactKey: Guid(0e7ee4df08df88c4880f43398f9ad2c2) Importer(815301076,1909f56bfc062723c751e8b465ee728b)
Start importing Assets/Standard Assets/Vehicles/Car/Prefabs/Car.prefab using Guid(0e7ee4df08df88c4880f43398f9ad2c2) Importer(815301076,1909f56bfc062723c751e8b465ee728b)  -> (artifact id: '7480fbf9bbd8fec94d39466404c5e3b2') in 0.868229 seconds
Number of updated asset objects reloaded before import = 0
Number of asset objects unloaded after import = 157
========================================================================
Received Import Request.
  Time since last request: 1.160641 seconds.
  path: Assets/Standard Assets/Prototyping/Models/CubePrototype02x02x02.fbx
  artifactKey: Guid(df4796b594b970842b69211cb0078c5d) Importer(815301076,1909f56bfc062723c751e8b465ee728b)
Start importing Assets/Standard Assets/Prototyping/Models/CubePrototype02x02x02.fbx using Guid(df4796b594b970842b69211cb0078c5d) Importer(815301076,1909f56bfc062723c751e8b465ee728b)  -> (artifact id: '3d689057fdaf52327c8a69f155f81ca3') in 0.262034 seconds
Number of updated asset objects reloaded before import = 0
Number of asset objects unloaded after import = 10
========================================================================
Received Import Request.
  Time since last request: 41.743488 seconds.
  path: Assets/Standard Assets/ParticleSystems/Prefabs/Fireworks.prefab
  artifactKey: Guid(180149b1a35449044a27b451e816d2de) Importer(815301076,1909f56bfc062723c751e8b465ee728b)
Start importing Assets/Standard Assets/ParticleSystems/Prefabs/Fireworks.prefab using Guid(180149b1a35449044a27b451e816d2de) Importer(815301076,1909f56bfc062723c751e8b465ee728b)  -> (artifact id: '74266d6e1535eff4e87ed5d41145621f') in 0.038690 seconds
Number of updated asset objects reloaded before import = 0
Number of asset objects unloaded after import = 36
========================================================================
Received Import Request.
  Time since last request: 0.006370 seconds.
  path: Assets/Standard Assets/ParticleSystems/Prefabs/FlareMobile.prefab
  artifactKey: Guid(ccbcfc705a39717429590a9f247ec30a) Importer(815301076,1909f56bfc062723c751e8b465ee728b)
Start importing Assets/Standard Assets/ParticleSystems/Prefabs/FlareMobile.prefab using Guid(ccbcfc705a39717429590a9f247ec30a) Importer(815301076,1909f56bfc062723c751e8b465ee728b)  -> (artifact id: 'b4e03a90f0540d67065594c00eddde33') in 0.023690 seconds
Number of updated asset objects reloaded before import = 0
Number of asset objects unloaded after import = 20
========================================================================
Received Import Request.
  Time since last request: 0.000031 seconds.
  path: Assets/Standard Assets/Prototyping/Models/FloorPrototype04x01x04.fbx
  artifactKey: Guid(080bc076ed19adb4091adca05de83d66) Importer(815301076,1909f56bfc062723c751e8b465ee728b)
Start importing Assets/Standard Assets/Prototyping/Models/FloorPrototype04x01x04.fbx using Guid(080bc076ed19adb4091adca05de83d66) Importer(815301076,1909f56bfc062723c751e8b465ee728b)  -> (artifact id: '093e4fac174891bc5a2d4833bd3609fc') in 0.030416 seconds
Number of updated asset objects reloaded before import = 0
Number of asset objects unloaded after import = 10
========================================================================
Received Import Request.
  Time since last request: 1.260935 seconds.
  path: Assets/Standard Assets/Prototyping/Prefabs/JoinMidPrototype04x06x01.prefab
  artifactKey: Guid(04a24b5e91096bd4e8ae6fba35c4dbf8) Importer(815301076,1909f56bfc062723c751e8b465ee728b)
Start importing Assets/Standard Assets/Prototyping/Prefabs/JoinMidPrototype04x06x01.prefab using Guid(04a24b5e91096bd4e8ae6fba35c4dbf8) Importer(815301076,1909f56bfc062723c751e8b465ee728b)  -> (artifact id: 'cb1b9dbda217f50f1020ded46ffb89c7') in 0.028276 seconds
Number of updated asset objects reloaded before import = 0
Number of asset objects unloaded after import = 11
========================================================================
Received Import Request.
  Time since last request: 0.593409 seconds.
  path: Assets/Standard Assets/Prototyping/Prefabs/PillarPrototype01x02x01.prefab
  artifactKey: Guid(88b5bfec6f1bd17439b2f4339902dca6) Importer(815301076,1909f56bfc062723c751e8b465ee728b)
Start importing Assets/Standard Assets/Prototyping/Prefabs/PillarPrototype01x02x01.prefab using Guid(88b5bfec6f1bd17439b2f4339902dca6) Importer(815301076,1909f56bfc062723c751e8b465ee728b)  -> (artifact id: 'afc02bd9630c021b8c587a8e31ab844d') in 0.021015 seconds
Number of updated asset objects reloaded before import = 0
Number of asset objects unloaded after import = 11
========================================================================
Received Import Request.
  Time since last request: 0.028862 seconds.
  path: Assets/Standard Assets/2D/Prefabs/Platform04x01.prefab
  artifactKey: Guid(57977547c59abb546bbb1501e3c417db) Importer(815301076,1909f56bfc062723c751e8b465ee728b)
Start importing Assets/Standard Assets/2D/Prefabs/Platform04x01.prefab using Guid(57977547c59abb546bbb1501e3c417db) Importer(815301076,1909f56bfc062723c751e8b465ee728b)  -> (artifact id: 'a80d019a90af56709f1de830d8971b1b') in 0.042777 seconds
Number of updated asset objects reloaded before import = 0
Number of asset objects unloaded after import = 19
========================================================================
Received Import Request.
  Time since last request: 0.164621 seconds.
  path: Assets/Standard Assets/Prototyping/Models/PlatformPrototype02x01x02.fbx
  artifactKey: Guid(38a9d3cc5c1e0aa4f92ff3445b73ed7f) Importer(815301076,1909f56bfc062723c751e8b465ee728b)
Start importing Assets/Standard Assets/Prototyping/Models/PlatformPrototype02x01x02.fbx using Guid(38a9d3cc5c1e0aa4f92ff3445b73ed7f) Importer(815301076,1909f56bfc062723c751e8b465ee728b)  -> (artifact id: 'a77b85ccd623b8a5bfd422fce5c18941') in 0.029162 seconds
Number of updated asset objects reloaded before import = 0
Number of asset objects unloaded after import = 10
========================================================================
Received Import Request.
  Time since last request: 0.071022 seconds.
  path: Assets/Standard Assets/2D/Prefabs/PlatformRamp.prefab
  artifactKey: Guid(47d3e747b2e87de4c8358aaa436365ea) Importer(815301076,1909f56bfc062723c751e8b465ee728b)
Start importing Assets/Standard Assets/2D/Prefabs/PlatformRamp.prefab using Guid(47d3e747b2e87de4c8358aaa436365ea) Importer(815301076,1909f56bfc062723c751e8b465ee728b)  -> (artifact id: 'feb625afd10f410d5c9698345f74431c') in 0.019691 seconds
Number of updated asset objects reloaded before import = 0
Number of asset objects unloaded after import = 46
========================================================================
Received Import Request.
  Time since last request: 0.231938 seconds.
  path: Assets/Standard Assets/Characters/RollerBall/Models/RollerBall.fbx
  artifactKey: Guid(d05d496cb4f43c14e80630addd23652e) Importer(815301076,1909f56bfc062723c751e8b465ee728b)
Start importing Assets/Standard Assets/Characters/RollerBall/Models/RollerBall.fbx using Guid(d05d496cb4f43c14e80630addd23652e) Importer(815301076,1909f56bfc062723c751e8b465ee728b)  -> (artifact id: '1589abf93cebe8857985969f2d49232f') in 0.034421 seconds
Number of updated asset objects reloaded before import = 0
Number of asset objects unloaded after import = 8
========================================================================
Received Import Request.
  Time since last request: 0.038867 seconds.
  path: Assets/Standard Assets/Vehicles/Car/Models/SkyCar.fbx
  artifactKey: Guid(e6fec471c20b9d148b1f87910e67bea4) Importer(815301076,1909f56bfc062723c751e8b465ee728b)
Start importing Assets/Standard Assets/Vehicles/Car/Models/SkyCar.fbx using Guid(e6fec471c20b9d148b1f87910e67bea4) Importer(815301076,1909f56bfc062723c751e8b465ee728b)  -> (artifact id: 'b1d8aa806d4363141cdaf4aac1d9b111') in 0.188628 seconds
Number of updated asset objects reloaded before import = 0
Number of asset objects unloaded after import = 73
========================================================================
Received Import Request.
  Time since last request: 0.073907 seconds.
  path: Assets/Standard Assets/Prototyping/Models/StepsPrototype04x02x02.fbx
  artifactKey: Guid(900e53dd850c9cc4281be6fa21bdfea5) Importer(815301076,1909f56bfc062723c751e8b465ee728b)
Start importing Assets/Standard Assets/Prototyping/Models/StepsPrototype04x02x02.fbx using Guid(900e53dd850c9cc4281be6fa21bdfea5) Importer(815301076,1909f56bfc062723c751e8b465ee728b)  -> (artifact id: 'efc0a62da6432ef8857e707d77d1998d') in 0.035506 seconds
Number of updated asset objects reloaded before import = 0
Number of asset objects unloaded after import = 10
========================================================================
Received Import Request.
  Time since last request: 0.030770 seconds.
  path: Assets/Standard Assets/Prototyping/Prefabs/WallPrototype08x08x01.prefab
  artifactKey: Guid(93e86b57e56570d46814839867bf9a52) Importer(815301076,1909f56bfc062723c751e8b465ee728b)
Start importing Assets/Standard Assets/Prototyping/Prefabs/WallPrototype08x08x01.prefab using Guid(93e86b57e56570d46814839867bf9a52) Importer(815301076,1909f56bfc062723c751e8b465ee728b)  -> (artifact id: 'a42a1862601ec213ee1e8e188ca69b59') in 0.025525 seconds
Number of updated asset objects reloaded before import = 0
Number of asset objects unloaded after import = 11
========================================================================
Received Import Request.
  Time since last request: 0.236286 seconds.
  path: Assets/Standard Assets/Environment/Water (Basic)/Prefabs/WaterBasicDaytime.prefab
  artifactKey: Guid(9485b0c79d11e2e4d0007da98d76c639) Importer(815301076,1909f56bfc062723c751e8b465ee728b)
Start importing Assets/Standard Assets/Environment/Water (Basic)/Prefabs/WaterBasicDaytime.prefab using Guid(9485b0c79d11e2e4d0007da98d76c639) Importer(815301076,1909f56bfc062723c751e8b465ee728b)  -> (artifact id: 'fd6d315ac3c5c4fe8f876a46163806eb') in 0.047093 seconds
Number of updated asset objects reloaded before import = 0
Number of asset objects unloaded after import = 12
Editor requested this worker to shutdown with reason: Scaling down because of idle timeout
TcpMessagingSession - receive error: operation aborted. errorcode: 995, details: The I/O operation has been aborted because of either a thread exit or an application request.
AssetImportWorker is now disconnected from the server
Process exiting
Exiting without the bug reporter. Application will terminate with return code 0